# JRE version: Java(TM) SE Runtime Environment (17.0.12+8) (build 17.0.12+8-LTS-286)
# Java VM: Java HotSpot(TM) 64-Bit Server VM (17.0.12+8-LTS-286, mixed mode, sharing, tiered, compressed oops, compressed class ptrs, g1 gc, windows-amd64)
GC Precious Log:
 CPUs: 4 total, 4 available
 Memory: 7894M
 Large Page Support: Disabled
 NUMA Support: Disabled
 Compressed Oops: Enabled (32-bit)
 Heap Region Size: 1M
 Heap Min Capacity: 8M
 Heap Initial Capacity: 124M
 Heap Max Capacity: 2G
 Pre-touch: Disabled
 Parallel Workers: 4
 Concurrent Workers: 1
 Concurrent Refinement Workers: 4
 Periodic GC: Disabled
Heap:
 garbage-first heap   total 146432K, used 92822K [0x0000000080000000, 0x0000000100000000)
  region size 1024K, 19 young (19456K), 4 survivors (4096K)
 Metaspace       used 62563K, committed 63104K, reserved 1114112K
  class space    used 8510K, committed 8768K, reserved 1048576K
GC Heap History (20 events):
Event: 42.169 GC heap before
{Heap before GC invocations=18 (full 0):
 garbage-first heap   total 81920K, used 63955K [0x0000000080000000, 0x0000000100000000)
  region size 1024K, 21 young (21504K), 4 survivors (4096K)
 Metaspace       used 51606K, committed 52160K, reserved 1114112K
  class space    used 7172K, committed 7424K, reserved 1048576K
}
Event: 42.173 GC heap after
{Heap after GC invocations=19 (full 0):
 garbage-first heap   total 81920K, used 49008K [0x0000000080000000, 0x0000000100000000)
  region size 1024K, 3 young (3072K), 3 survivors (3072K)
 Metaspace       used 51606K, committed 52160K, reserved 1114112K
  class space    used 7172K, committed 7424K, reserved 1048576K
}
Event: 43.021 GC heap before
{Heap before GC invocations=20 (full 0):
 garbage-first heap   total 87040K, used 76656K [0x0000000080000000, 0x0000000100000000)
  region size 1024K, 19 young (19456K), 3 survivors (3072K)
 Metaspace       used 51966K, committed 52416K, reserved 1114112K
  class space    used 7211K, committed 7424K, reserved 1048576K
}
Event: 43.024 GC heap after
{Heap after GC invocations=21 (full 0):
 garbage-first heap   total 87040K, used 65527K [0x0000000080000000, 0x0000000100000000)
  region size 1024K, 3 young (3072K), 3 survivors (3072K)
 Metaspace       used 51966K, committed 52416K, reserved 1114112K
  class space    used 7211K, committed 7424K, reserved 1048576K
}
Event: 43.143 GC heap before
{Heap before GC invocations=21 (full 0):
 garbage-first heap   total 87040K, used 66551K [0x0000000080000000, 0x0000000100000000)
  region size 1024K, 4 young (4096K), 3 survivors (3072K)
 Metaspace       used 51966K, committed 52416K, reserved 1114112K
  class space    used 7211K, committed 7424K, reserved 1048576K
}
Event: 43.145 GC heap after
{Heap after GC invocations=22 (full 0):
 garbage-first heap   total 87040K, used 66428K [0x0000000080000000, 0x0000000100000000)
  region size 1024K, 1 young (1024K), 1 survivors (1024K)
 Metaspace       used 51966K, committed 52416K, reserved 1114112K
  class space    used 7211K, committed 7424K, reserved 1048576K
}
Event: 43.165 GC heap before
{Heap before GC invocations=22 (full 0):
 garbage-first heap   total 87040K, used 66428K [0x0000000080000000, 0x0000000100000000)
  region size 1024K, 2 young (2048K), 1 survivors (1024K)
 Metaspace       used 51989K, committed 52480K, reserved 1114112K
  class space    used 7214K, committed 7424K, reserved 1048576K
}
Event: 43.166 GC heap after
{Heap after GC invocations=23 (full 0):
 garbage-first heap   total 87040K, used 66732K [0x0000000080000000, 0x0000000100000000)
  region size 1024K, 1 young (1024K), 1 survivors (1024K)
 Metaspace       used 51989K, committed 52480K, reserved 1114112K
  class space    used 7214K, committed 7424K, reserved 1048576K
}
Event: 43.285 GC heap before
{Heap before GC invocations=24 (full 0):
 garbage-first heap   total 121856K, used 71852K [0x0000000080000000, 0x0000000100000000)
  region size 1024K, 5 young (5120K), 1 survivors (1024K)
 Metaspace       used 52334K, committed 52800K, reserved 1114112K
  class space    used 7271K, committed 7488K, reserved 1048576K
}
Event: 43.286 GC heap after
{Heap after GC invocations=25 (full 0):
 garbage-first heap   total 121856K, used 68160K [0x0000000080000000, 0x0000000100000000)
  region size 1024K, 1 young (1024K), 1 survivors (1024K)
 Metaspace       used 52334K, committed 52800K, reserved 1114112K
  class space    used 7271K, committed 7488K, reserved 1048576K
}
Event: 43.372 GC heap before
{Heap before GC invocations=25 (full 0):
 garbage-first heap   total 121856K, used 71232K [0x0000000080000000, 0x0000000100000000)
  region size 1024K, 5 young (5120K), 1 survivors (1024K)
 Metaspace       used 52632K, committed 53120K, reserved 1114112K
  class space    used 7313K, committed 7552K, reserved 1048576K
}
Event: 43.374 GC heap after
{Heap after GC invocations=26 (full 0):
 garbage-first heap   total 121856K, used 67895K [0x0000000080000000, 0x0000000100000000)
  region size 1024K, 1 young (1024K), 1 survivors (1024K)
 Metaspace       used 52632K, committed 53120K, reserved 1114112K
  class space    used 7313K, committed 7552K, reserved 1048576K
}
Event: 43.502 GC heap before
{Heap before GC invocations=26 (full 0):
 garbage-first heap   total 121856K, used 73015K [0x0000000080000000, 0x0000000100000000)
  region size 1024K, 8 young (8192K), 1 survivors (1024K)
 Metaspace       used 53121K, committed 53632K, reserved 1114112K
  class space    used 7358K, committed 7616K, reserved 1048576K
}
Event: 43.503 GC heap after
{Heap after GC invocations=27 (full 0):
 garbage-first heap   total 146432K, used 68565K [0x0000000080000000, 0x0000000100000000)
  region size 1024K, 2 young (2048K), 2 survivors (2048K)
 Metaspace       used 53121K, committed 53632K, reserved 1114112K
  class space    used 7358K, committed 7616K, reserved 1048576K
}
Event: 44.519 GC heap before
{Heap before GC invocations=28 (full 0):
 garbage-first heap   total 146432K, used 108501K [0x0000000080000000, 0x0000000100000000)
  region size 1024K, 40 young (40960K), 2 survivors (2048K)
 Metaspace       used 57020K, committed 57536K, reserved 1114112K
  class space    used 7786K, committed 8000K, reserved 1048576K
}
Event: 44.522 GC heap after
{Heap after GC invocations=29 (full 0):
 garbage-first heap   total 146432K, used 70552K [0x0000000080000000, 0x0000000100000000)
  region size 1024K, 3 young (3072K), 3 survivors (3072K)
 Metaspace       used 57020K, committed 57536K, reserved 1114112K
  class space    used 7786K, committed 8000K, reserved 1048576K
}
Event: 44.623 GC heap before
{Heap before GC invocations=29 (full 0):
 garbage-first heap   total 146432K, used 73624K [0x0000000080000000, 0x0000000100000000)
  region size 1024K, 7 young (7168K), 3 survivors (3072K)
 Metaspace       used 57372K, committed 57920K, reserved 1114112K
  class space    used 7815K, committed 8064K, reserved 1048576K
}
Event: 44.625 GC heap after
{Heap after GC invocations=30 (full 0):
 garbage-first heap   total 146432K, used 70519K [0x0000000080000000, 0x0000000100000000)
  region size 1024K, 1 young (1024K), 1 survivors (1024K)
 Metaspace       used 57372K, committed 57920K, reserved 1114112K
  class space    used 7815K, committed 8064K, reserved 1048576K
}
Event: 46.229 GC heap before
{Heap before GC invocations=30 (full 0):
 garbage-first heap   total 146432K, used 112503K [0x0000000080000000, 0x0000000100000000)
  region size 1024K, 41 young (41984K), 1 survivors (1024K)
 Metaspace       used 62287K, committed 62848K, reserved 1114112K
  class space    used 8432K, committed 8704K, reserved 1048576K
}
Event: 46.235 GC heap after
{Heap after GC invocations=31 (full 0):
 garbage-first heap   total 146432K, used 74390K [0x0000000080000000, 0x0000000100000000)
  region size 1024K, 4 young (4096K), 4 survivors (4096K)
 Metaspace       used 62287K, committed 62848K, reserved 1114112K
  class space    used 8432K, committed 8704K, reserved 1048576K
}

